Info: Nothing to build for Project1
Info: Nothing to build for Project1
19:10:54 **** Incremental Build of configuration Debug for project Project1 ****
Info: Internal Builder is used for build
g++ -O0 -g3 -Wall -c -fmessage-length=0 -o "src\\main.o" "..\\src\\main.cpp" 
g++ -o Project1.exe "src\\main.o" 
19:11:12 **** Incremental Build of configuration Debug for project Project1 ****
Info: Internal Builder is used for build
g++ -O0 -g3 -Wall -c -fmessage-length=0 -o "src\\main.o" "..\\src\\main.cpp" 
g++ -o Project1.exe "src\\main.o" 
19:11:32 **** Incremental Build of configuration Debug for project Project1 ****
Info: Internal Builder is used for build
g++ -O0 -g3 -Wall -c -fmessage-length=0 -o "src\\main.o" "..\\src\\main.cpp" 
g++ -o Project1.exe "src\\main.o" 
19:12:04 **** Incremental Build of configuration Debug for project Project1 ****
Info: Internal Builder is used for build
g++ -O0 -g3 -Wall -c -fmessage-length=0 -o "src\\main.o" "..\\src\\main.cpp" 
g++ -o Project1.exe "src\\main.o" 
19:12:15 **** Incremental Build of configuration Debug for project Project1 ****
Info: Internal Builder is used for build
g++ -O0 -g3 -Wall -c -fmessage-length=0 -o "src\\main.o" "..\\src\\main.cpp" 
g++ -o Project1.exe "src\\main.o" 
Info: Nothing to build for Project1
19:13:22 **** Incremental Build of configuration Debug for project Project1 ****
Info: Internal Builder is used for build
g++ -O0 -g3 -Wall -c -fmessage-length=0 -o "src\\main.o" "..\\src\\main.cpp" 
g++ -o Project1.exe "src\\main.o" 
19:13:32 **** Incremental Build of configuration Debug for project Project1 ****
Info: Internal Builder is used for build
g++ -O0 -g3 -Wall -c -fmessage-length=0 -o "src\\main.o" "..\\src\\main.cpp" 
g++ -o Project1.exe "src\\main.o" 
19:16:47 **** Incremental Build of configuration Debug for project Project1 ****
Info: Internal Builder is used for build
g++ -O0 -g3 -Wall -c -fmessage-length=0 -o "src\\main.o" "..\\src\\main.cpp" 
g++ -o Project1.exe "src\\main.o" 
